<?xml version="1.0" encoding="UTF-8"?>
<testsuite name="TestMAXIM"
           tests="1"
           failures="1"
           errors="0"
           skipped="0"
           time="5.926">
  <properties />
            <testcase name="ctisTest" time="5.926" classname="test.maxim.Maxim">
                <failure type="java.lang.NullPointerException"
                  message="(null)"
              >
<![CDATA[java.lang.NullPointerException
  java.io.File.<init>(File.java:277)
  com.zeonpad.pdfcompare.ZPDFCompare.modifyPdfFile(ZPDFCompare.java:1092)
  com.zeonpad.pdfcompare.ZPDFCompare.pdfcompare(ZPDFCompare.java:170)
  pages.ctis.homepage.HomePage.pdfComparision(HomePage.java:159)
  test.maxim.Maxim.ctisTest(Maxim.java:63)
  sun.reflect.NativeMethodAccessorImpl.invoke0(Native Method)
  sun.reflect.NativeMethodAccessorImpl.invoke(NativeMethodAccessorImpl.java:62)
  sun.reflect.DelegatingMethodAccessorImpl.invoke(DelegatingMethodAccessorImpl.java:43)
  java.lang.reflect.Method.invoke(Method.java:498)
  org.testng.internal.MethodInvocationHelper.invokeMethod(MethodInvocationHelper.java:108)
  org.testng.internal.Invoker.invokeMethod(Invoker.java:661)
  org.testng.internal.Invoker.invokeTestMethod(Invoker.java:869)
  org.testng.internal.Invoker.invokeTestMethods(Invoker.java:1193)
  org.testng.internal.TestMethodWorker.invokeTestMethods(TestMethodWorker.java:126)
  org.testng.internal.TestMethodWorker.run(TestMethodWorker.java:109)
  org.testng.TestRunner.privateRun(TestRunner.java:744)
  org.testng.TestRunner.run(TestRunner.java:602)
  org.testng.SuiteRunner.runTest(SuiteRunner.java:380)
  org.testng.SuiteRunner.access$000(SuiteRunner.java:39)
  org.testng.SuiteRunner$SuiteWorker.run(SuiteRunner.java:414)
  org.testng.internal.thread.ThreadUtil$1.call(ThreadUtil.java:52)
  java.util.concurrent.FutureTask.run(FutureTask.java:266)
  java.util.concurrent.ThreadPoolExecutor.runWorker(ThreadPoolExecutor.java:1142)
  java.util.concurrent.ThreadPoolExecutor$Worker.run(ThreadPoolExecutor.java:617)
  java.lang.Thread.run(Thread.java:745)
]]>
      </failure>

          </testcase>
  
  
  
</testsuite>
