<?xml version="1.0" encoding="UTF-8"?>
<testng-results skipped="0" failed="1" ignored="0" total="5" passed="4">
  <reporter-output>
  </reporter-output>
  <suite name="SWAG" duration-ms="110881" started-at="2019-10-25T16:13:16Z" finished-at="2019-10-25T16:15:07Z">
    <groups>
    </groups>
    <test name="TestSWAG" duration-ms="110881" started-at="2019-10-25T16:13:16Z" finished-at="2019-10-25T16:15:07Z">
      <class name="test.swag.testcase.SWAGlabs">
        <test-method status="PASS" signature="beforeSuite(org.testng.ITestContext, org.testng.xml.XmlTest)[pri:0, instance:test.swag.testcase.SWAGlabs@7276c8cd]" name="beforeSuite" is-config="true" duration-ms="801" started-at="2019-10-25T09:13:15Z" finished-at="2019-10-25T09:13:16Z">
          <params>
            <param index="0">
              <value>
                <![CDATA[org.testng.TestRunner@1b80b26c]]>
              </value>
            </param>
            <param index="1">
              <value>
                <![CDATA[[Test: "TestSWAG" verbose:1[parameters:password=>XXXXX ,browserName=>FIREFOX,appURL=>https://www.saucedemo.com/index.html,automationKit=>selenium,userName=>XXXXXX,][metagroups:] [included: ][excluded: ]  classes: packages:] ]]>
              </value>
            </param>
          </params>
          <reporter-output>
          </reporter-output>
        </test-method> <!-- beforeSuite -->
        <test-method status="PASS" signature="beforeTest(org.testng.ITestContext)[pri:0, instance:test.swag.testcase.SWAGlabs@7276c8cd]" name="beforeTest" is-config="true" duration-ms="7" started-at="2019-10-25T09:13:16Z" finished-at="2019-10-25T09:13:16Z">
          <params>
            <param index="0">
              <value>
                <![CDATA[org.testng.TestRunner@1b80b26c]]>
              </value>
            </param>
          </params>
          <reporter-output>
          </reporter-output>
        </test-method> <!-- beforeTest -->
        <test-method status="PASS" signature="beforeMethod(org.testng.ITestContext, java.lang.reflect.Method)[pri:0, instance:test.swag.testcase.SWAGlabs@7276c8cd]" name="beforeMethod" is-config="true" duration-ms="12332" started-at="2019-10-25T09:13:17Z" finished-at="2019-10-25T09:13:29Z">
          <params>
            <param index="0">
              <value>
                <![CDATA[org.testng.TestRunner@1b80b26c]]>
              </value>
            </param>
            <param index="1">
              <value>
                <![CDATA[public void test.swag.testcase.SWAGlabs.invalidPasswordLogin(org.testng.ITestContext,java.util.Hashtable)]]>
              </value>
            </param>
          </params>
          <reporter-output>
          </reporter-output>
        </test-method> <!-- beforeMethod -->
        <test-method status="PASS" signature="invalidPasswordLogin(org.testng.ITestContext, java.util.Hashtable)[pri:0, instance:test.swag.testcase.SWAGlabs@7276c8cd]" name="invalidPasswordLogin" duration-ms="3506" started-at="2019-10-25T09:13:29Z" data-provider="SWAG" finished-at="2019-10-25T09:13:33Z">
          <params>
            <param index="0">
              <value>
                <![CDATA[org.testng.TestRunner@1b80b26c]]>
              </value>
            </param>
            <param index="1">
              <value>
                <![CDATA[{problemUser=problem_user, ErrorMessageInvalidPassword=Epic sadface: Username and password do not match any user in this service, password=secret_sauce, ErrorMessageLockedUser=Epic sadface: Sorry, this user has been locked out., StandardUser=standard_user, InvalidPassword=Test1234, lockedUser=locked_out_user, PerformanceUser=performance_glitch_user}]]>
              </value>
            </param>
          </params>
          <reporter-output>
          </reporter-output>
        </test-method> <!-- invalidPasswordLogin -->
        <test-method status="PASS" signature="afterMethod(org.testng.ITestContext, org.testng.ITestResult, java.lang.reflect.Method)[pri:0, instance:test.swag.testcase.SWAGlabs@7276c8cd]" name="afterMethod" is-config="true" duration-ms="2778" started-at="2019-10-25T09:13:33Z" finished-at="2019-10-25T09:13:36Z">
          <params>
            <param index="0">
              <value>
                <![CDATA[org.testng.TestRunner@1b80b26c]]>
              </value>
            </param>
            <param index="1">
              <value>
                <![CDATA[[TestResult name=invalidPasswordLogin status=SUCCESS method=SWAGlabs.invalidPasswordLogin(org.testng.ITestContext, java.util.Hashtable)[pri:0, instance:test.swag.testcase.SWAGlabs@7276c8cd] output={null}]]]>
              </value>
            </param>
            <param index="2">
              <value>
                <![CDATA[public void test.swag.testcase.SWAGlabs.invalidPasswordLogin(org.testng.ITestContext,java.util.Hashtable)]]>
              </value>
            </param>
          </params>
          <reporter-output>
          </reporter-output>
        </test-method> <!-- afterMethod -->
        <test-method status="PASS" signature="beforeMethod(org.testng.ITestContext, java.lang.reflect.Method)[pri:0, instance:test.swag.testcase.SWAGlabs@7276c8cd]" name="beforeMethod" is-config="true" duration-ms="8329" started-at="2019-10-25T09:13:36Z" finished-at="2019-10-25T09:13:44Z">
          <params>
            <param index="0">
              <value>
                <![CDATA[org.testng.TestRunner@1b80b26c]]>
              </value>
            </param>
            <param index="1">
              <value>
                <![CDATA[public void test.swag.testcase.SWAGlabs.lockedUserLogin(org.testng.ITestContext,java.util.Hashtable)]]>
              </value>
            </param>
          </params>
          <reporter-output>
          </reporter-output>
        </test-method> <!-- beforeMethod -->
        <test-method status="PASS" signature="lockedUserLogin(org.testng.ITestContext, java.util.Hashtable)[pri:0, instance:test.swag.testcase.SWAGlabs@7276c8cd]" name="lockedUserLogin" duration-ms="3409" started-at="2019-10-25T09:13:44Z" data-provider="SWAG" finished-at="2019-10-25T09:13:48Z">
          <params>
            <param index="0">
              <value>
                <![CDATA[org.testng.TestRunner@1b80b26c]]>
              </value>
            </param>
            <param index="1">
              <value>
                <![CDATA[{problemUser=problem_user, ErrorMessageInvalidPassword=Epic sadface: Username and password do not match any user in this service, password=secret_sauce, ErrorMessageLockedUser=Epic sadface: Sorry, this user has been locked out., StandardUser=standard_user, InvalidPassword=Test1234, lockedUser=locked_out_user, PerformanceUser=performance_glitch_user}]]>
              </value>
            </param>
          </params>
          <reporter-output>
          </reporter-output>
        </test-method> <!-- lockedUserLogin -->
        <test-method status="PASS" signature="afterMethod(org.testng.ITestContext, org.testng.ITestResult, java.lang.reflect.Method)[pri:0, instance:test.swag.testcase.SWAGlabs@7276c8cd]" name="afterMethod" is-config="true" duration-ms="2521" started-at="2019-10-25T09:13:48Z" finished-at="2019-10-25T09:13:50Z">
          <params>
            <param index="0">
              <value>
                <![CDATA[org.testng.TestRunner@1b80b26c]]>
              </value>
            </param>
            <param index="1">
              <value>
                <![CDATA[[TestResult name=lockedUserLogin status=SUCCESS method=SWAGlabs.lockedUserLogin(org.testng.ITestContext, java.util.Hashtable)[pri:0, instance:test.swag.testcase.SWAGlabs@7276c8cd] output={null}]]]>
              </value>
            </param>
            <param index="2">
              <value>
                <![CDATA[public void test.swag.testcase.SWAGlabs.lockedUserLogin(org.testng.ITestContext,java.util.Hashtable)]]>
              </value>
            </param>
          </params>
          <reporter-output>
          </reporter-output>
        </test-method> <!-- afterMethod -->
        <test-method status="PASS" signature="beforeMethod(org.testng.ITestContext, java.lang.reflect.Method)[pri:0, instance:test.swag.testcase.SWAGlabs@7276c8cd]" name="beforeMethod" is-config="true" duration-ms="7656" started-at="2019-10-25T09:13:50Z" finished-at="2019-10-25T09:13:58Z">
          <params>
            <param index="0">
              <value>
                <![CDATA[org.testng.TestRunner@1b80b26c]]>
              </value>
            </param>
            <param index="1">
              <value>
                <![CDATA[public void test.swag.testcase.SWAGlabs.performanceUserLogin(org.testng.ITestContext,java.util.Hashtable)]]>
              </value>
            </param>
          </params>
          <reporter-output>
          </reporter-output>
        </test-method> <!-- beforeMethod -->
        <test-method status="PASS" signature="performanceUserLogin(org.testng.ITestContext, java.util.Hashtable)[pri:0, instance:test.swag.testcase.SWAGlabs@7276c8cd]" name="performanceUserLogin" duration-ms="13127" started-at="2019-10-25T09:13:58Z" data-provider="SWAG" finished-at="2019-10-25T09:14:11Z">
          <params>
            <param index="0">
              <value>
                <![CDATA[org.testng.TestRunner@1b80b26c]]>
              </value>
            </param>
            <param index="1">
              <value>
                <![CDATA[{problemUser=problem_user, ErrorMessageInvalidPassword=Epic sadface: Username and password do not match any user in this service, password=secret_sauce, ErrorMessageLockedUser=Epic sadface: Sorry, this user has been locked out., StandardUser=standard_user, InvalidPassword=Test1234, lockedUser=locked_out_user, PerformanceUser=performance_glitch_user}]]>
              </value>
            </param>
          </params>
          <reporter-output>
          </reporter-output>
        </test-method> <!-- performanceUserLogin -->
        <test-method status="PASS" signature="afterMethod(org.testng.ITestContext, org.testng.ITestResult, java.lang.reflect.Method)[pri:0, instance:test.swag.testcase.SWAGlabs@7276c8cd]" name="afterMethod" is-config="true" duration-ms="2395" started-at="2019-10-25T09:14:11Z" finished-at="2019-10-25T09:14:13Z">
          <params>
            <param index="0">
              <value>
                <![CDATA[org.testng.TestRunner@1b80b26c]]>
              </value>
            </param>
            <param index="1">
              <value>
                <![CDATA[[TestResult name=performanceUserLogin status=SUCCESS method=SWAGlabs.performanceUserLogin(org.testng.ITestContext, java.util.Hashtable)[pri:0, instance:test.swag.testcase.SWAGlabs@7276c8cd] output={null}]]]>
              </value>
            </param>
            <param index="2">
              <value>
                <![CDATA[public void test.swag.testcase.SWAGlabs.performanceUserLogin(org.testng.ITestContext,java.util.Hashtable)]]>
              </value>
            </param>
          </params>
          <reporter-output>
          </reporter-output>
        </test-method> <!-- afterMethod -->
        <test-method status="PASS" signature="beforeMethod(org.testng.ITestContext, java.lang.reflect.Method)[pri:0, instance:test.swag.testcase.SWAGlabs@7276c8cd]" name="beforeMethod" is-config="true" duration-ms="8452" started-at="2019-10-25T09:14:14Z" finished-at="2019-10-25T09:14:22Z">
          <params>
            <param index="0">
              <value>
                <![CDATA[org.testng.TestRunner@1b80b26c]]>
              </value>
            </param>
            <param index="1">
              <value>
                <![CDATA[public void test.swag.testcase.SWAGlabs.problemUserLogin(org.testng.ITestContext,java.util.Hashtable)]]>
              </value>
            </param>
          </params>
          <reporter-output>
          </reporter-output>
        </test-method> <!-- beforeMethod -->
        <test-method status="FAIL" signature="problemUserLogin(org.testng.ITestContext, java.util.Hashtable)[pri:0, instance:test.swag.testcase.SWAGlabs@7276c8cd]" name="problemUserLogin" duration-ms="24181" started-at="2019-10-25T09:14:22Z" data-provider="SWAG" finished-at="2019-10-25T09:14:46Z">
          <params>
            <param index="0">
              <value>
                <![CDATA[org.testng.TestRunner@1b80b26c]]>
              </value>
            </param>
            <param index="1">
              <value>
                <![CDATA[{problemUser=problem_user, ErrorMessageInvalidPassword=Epic sadface: Username and password do not match any user in this service, password=secret_sauce, ErrorMessageLockedUser=Epic sadface: Sorry, this user has been locked out., StandardUser=standard_user, InvalidPassword=Test1234, lockedUser=locked_out_user, PerformanceUser=performance_glitch_user}]]>
              </value>
            </param>
          </params>
          <exception class="java.lang.AssertionError">
            <message>
              <![CDATA[The following asserts failed:
	Expected condition failed: waiting for visibility of element located by By.cssSelector: [data-test='error'] (tried for 20 second(s) with 500 milliseconds interval)]]>
            </message>
            <full-stacktrace>
              <![CDATA[java.lang.AssertionError: The following asserts failed:
	Expected condition failed: waiting for visibility of element located by By.cssSelector: [data-test='error'] (tried for 20 second(s) with 500 milliseconds interval)
	at org.testng.asserts.SoftAssert.assertAll(SoftAssert.java:43)
	at dweb.aut.pages.templates.PageTemplate.waitUntilElementIsVisible(PageTemplate.java:257)
	at pages.ctis.HomePage.verifyApplicationDisplayedError(HomePage.java:61)
	at test.swag.testcase.SWAGlabs.problemUserLogin(SWAGlabs.java:81)
	at sun.reflect.NativeMethodAccessorImpl.invoke0(Native Method)
	at sun.reflect.NativeMethodAccessorImpl.invoke(NativeMethodAccessorImpl.java:62)
	at sun.reflect.DelegatingMethodAccessorImpl.invoke(DelegatingMethodAccessorImpl.java:43)
	at java.lang.reflect.Method.invoke(Method.java:498)
	at org.testng.internal.MethodInvocationHelper.invokeMethod(MethodInvocationHelper.java:108)
	at org.testng.internal.Invoker.invokeMethod(Invoker.java:661)
	at org.testng.internal.Invoker.invokeTestMethod(Invoker.java:869)
	at org.testng.internal.Invoker.invokeTestMethods(Invoker.java:1193)
	at org.testng.internal.TestMethodWorker.invokeTestMethods(TestMethodWorker.java:126)
	at org.testng.internal.TestMethodWorker.run(TestMethodWorker.java:109)
	at org.testng.TestRunner.privateRun(TestRunner.java:744)
	at org.testng.TestRunner.run(TestRunner.java:602)
	at org.testng.SuiteRunner.runTest(SuiteRunner.java:380)
	at org.testng.SuiteRunner.access$000(SuiteRunner.java:39)
	at org.testng.SuiteRunner$SuiteWorker.run(SuiteRunner.java:414)
	at org.testng.internal.thread.ThreadUtil$1.call(ThreadUtil.java:52)
	at java.util.concurrent.FutureTask.run(FutureTask.java:266)
	at java.util.concurrent.ThreadPoolExecutor.runWorker(ThreadPoolExecutor.java:1149)
	at java.util.concurrent.ThreadPoolExecutor$Worker.run(ThreadPoolExecutor.java:624)
	at java.lang.Thread.run(Thread.java:748)
]]>
            </full-stacktrace>
          </exception> <!-- java.lang.AssertionError -->
          <reporter-output>
          </reporter-output>
        </test-method> <!-- problemUserLogin -->
        <test-method status="PASS" signature="afterMethod(org.testng.ITestContext, org.testng.ITestResult, java.lang.reflect.Method)[pri:0, instance:test.swag.testcase.SWAGlabs@7276c8cd]" name="afterMethod" is-config="true" duration-ms="2109" started-at="2019-10-25T09:14:46Z" finished-at="2019-10-25T09:14:48Z">
          <params>
            <param index="0">
              <value>
                <![CDATA[org.testng.TestRunner@1b80b26c]]>
              </value>
            </param>
            <param index="1">
              <value>
                <![CDATA[[TestResult name=problemUserLogin status=FAILURE method=SWAGlabs.problemUserLogin(org.testng.ITestContext, java.util.Hashtable)[pri:0, instance:test.swag.testcase.SWAGlabs@7276c8cd] output={null}]]]>
              </value>
            </param>
            <param index="2">
              <value>
                <![CDATA[public void test.swag.testcase.SWAGlabs.problemUserLogin(org.testng.ITestContext,java.util.Hashtable)]]>
              </value>
            </param>
          </params>
          <reporter-output>
          </reporter-output>
        </test-method> <!-- afterMethod -->
        <test-method status="PASS" signature="beforeMethod(org.testng.ITestContext, java.lang.reflect.Method)[pri:0, instance:test.swag.testcase.SWAGlabs@7276c8cd]" name="beforeMethod" is-config="true" duration-ms="8823" started-at="2019-10-25T09:14:48Z" finished-at="2019-10-25T09:14:57Z">
          <params>
            <param index="0">
              <value>
                <![CDATA[org.testng.TestRunner@1b80b26c]]>
              </value>
            </param>
            <param index="1">
              <value>
                <![CDATA[public void test.swag.testcase.SWAGlabs.standardUserLogin(org.testng.ITestContext,java.util.Hashtable)]]>
              </value>
            </param>
          </params>
          <reporter-output>
          </reporter-output>
        </test-method> <!-- beforeMethod -->
        <test-method status="PASS" signature="standardUserLogin(org.testng.ITestContext, java.util.Hashtable)[pri:0, instance:test.swag.testcase.SWAGlabs@7276c8cd]" name="standardUserLogin" duration-ms="7129" started-at="2019-10-25T09:14:57Z" data-provider="SWAG" finished-at="2019-10-25T09:15:04Z">
          <params>
            <param index="0">
              <value>
                <![CDATA[org.testng.TestRunner@1b80b26c]]>
              </value>
            </param>
            <param index="1">
              <value>
                <![CDATA[{problemUser=problem_user, ErrorMessageInvalidPassword=Epic sadface: Username and password do not match any user in this service, password=secret_sauce, ErrorMessageLockedUser=Epic sadface: Sorry, this user has been locked out., StandardUser=standard_user, InvalidPassword=Test1234, lockedUser=locked_out_user, PerformanceUser=performance_glitch_user}]]>
              </value>
            </param>
          </params>
          <reporter-output>
          </reporter-output>
        </test-method> <!-- standardUserLogin -->
        <test-method status="PASS" signature="afterMethod(org.testng.ITestContext, org.testng.ITestResult, java.lang.reflect.Method)[pri:0, instance:test.swag.testcase.SWAGlabs@7276c8cd]" name="afterMethod" is-config="true" duration-ms="2119" started-at="2019-10-25T09:15:04Z" finished-at="2019-10-25T09:15:06Z">
          <params>
            <param index="0">
              <value>
                <![CDATA[org.testng.TestRunner@1b80b26c]]>
              </value>
            </param>
            <param index="1">
              <value>
                <![CDATA[[TestResult name=standardUserLogin status=SUCCESS method=SWAGlabs.standardUserLogin(org.testng.ITestContext, java.util.Hashtable)[pri:0, instance:test.swag.testcase.SWAGlabs@7276c8cd] output={null}]]]>
              </value>
            </param>
            <param index="2">
              <value>
                <![CDATA[public void test.swag.testcase.SWAGlabs.standardUserLogin(org.testng.ITestContext,java.util.Hashtable)]]>
              </value>
            </param>
          </params>
          <reporter-output>
          </reporter-output>
        </test-method> <!-- afterMethod -->
        <test-method status="PASS" signature="afterTest(org.testng.ITestContext)[pri:0, instance:test.swag.testcase.SWAGlabs@7276c8cd]" name="afterTest" is-config="true" duration-ms="156" started-at="2019-10-25T09:15:06Z" finished-at="2019-10-25T09:15:07Z">
          <params>
            <param index="0">
              <value>
                <![CDATA[org.testng.TestRunner@1b80b26c]]>
              </value>
            </param>
          </params>
          <reporter-output>
          </reporter-output>
        </test-method> <!-- afterTest -->
        <test-method status="PASS" signature="afterSuite(org.testng.ITestContext)[pri:0, instance:test.swag.testcase.SWAGlabs@7276c8cd]" name="afterSuite" is-config="true" duration-ms="120" started-at="2019-10-25T09:15:07Z" finished-at="2019-10-25T09:15:07Z">
          <params>
            <param index="0">
              <value>
                <![CDATA[org.testng.TestRunner@1b80b26c]]>
              </value>
            </param>
          </params>
          <reporter-output>
          </reporter-output>
        </test-method> <!-- afterSuite -->
      </class> <!-- test.swag.testcase.SWAGlabs -->
    </test> <!-- TestSWAG -->
  </suite> <!-- SWAG -->
</testng-results>
